<?xml version="1.0" encoding="UTF-8"?>
<testsuite name="com.miaclean.shared.hash.DeterministicBytesTest" tests="2" skipped="0" failures="0" errors="0" timestamp="2026-07-14T13:18:14" hostname="DESKTOP-VEHOMO7" time="0.09">
  <properties/>
  <testcase name="testRepeatedBytes" classname="com.miaclean.shared.hash.DeterministicBytesTest" time="0.072"/>
  <testcase name="testDeterministicBytesAreConsistent" classname="com.miaclean.shared.hash.DeterministicBytesTest" time="0.016"/>
  <system-out><![CDATA[]]></system-out>
  <system-err><![CDATA[]]></system-err>
</testsuite>
